<?xml version="1.0" encoding="UTF-8"?>
<!-- Generated by org.testng.reporters.JUnitReportReporter -->
<testsuite skipped="0" hostname="ANA-DATA" name="executionEngine.DriverScriptTest" tests="1" failures="0" timestamp="26 Oct 2017 19:46:01 GMT" time="34.176" errors="0">
  <testcase name="Initialize" time="34.176" classname="executionEngine.DriverScriptTest"/>
</testsuite> <!-- executionEngine.DriverScriptTest -->
