<?xml version="1.0" encoding="UTF-8"?>
<!-- Generated by org.testng.reporters.JUnitReportReporter -->
<testsuite skipped="0" hostname="ANA-DATA" name="executionEngine.DriverScriptTest" tests="1" failures="0" timestamp="26 Oct 2017 14:27:53 GMT" time="26.044" errors="0">
  <testcase name="Initialize" time="26.044" classname="executionEngine.DriverScriptTest"/>
</testsuite> <!-- executionEngine.DriverScriptTest -->
