<?xml version="1.0" encoding="UTF-8"?>
<!-- Generated by org.testng.reporters.JUnitReportReporter -->
<testsuite skipped="0" hostname="ANA-DATA" name="Automation.Selenium.datepicker" tests="1" failures="0" timestamp="20 Oct 2017 19:52:05 GMT" time="24.722" errors="0">
  <testcase name="sample" time="24.722" classname="Automation.Selenium.datepicker"/>
</testsuite> <!-- Automation.Selenium.datepicker -->
