<?xml version="1.0" encoding="UTF-8"?>
<!-- Generated by org.testng.reporters.JUnitReportReporter -->
<testsuite skipped="0" hostname="ANA-DATA" name="executionEngine.DriverScriptTest" tests="1" failures="0" timestamp="26 Oct 2017 16:26:11 GMT" time="25.147" errors="0">
  <testcase name="Initialize" time="25.147" classname="executionEngine.DriverScriptTest"/>
</testsuite> <!-- executionEngine.DriverScriptTest -->
